\BOOKMARK [0][-]{chapter.1}{Introduction}{}% 1
\BOOKMARK [1][-]{section.1.1}{Benefits of soil organic matter}{chapter.1}% 2
\BOOKMARK [1][-]{section.1.2}{Shift in paradigm regarding som formation}{chapter.1}% 3
\BOOKMARK [1][-]{section.1.3}{Microbial population as an essential component in om cycling}{chapter.1}% 4
\BOOKMARK [1][-]{section.1.4}{Substrate Use Efficiency }{chapter.1}% 5
\BOOKMARK [1][-]{section.1.5}{stabilization of som closely connected with aggregate formation}{chapter.1}% 6
\BOOKMARK [1][-]{section.1.6}{the importance labile carbon for som dynamics}{chapter.1}% 7
\BOOKMARK [1][-]{section.1.7}{Dissolved Organic Matter}{chapter.1}% 8
\BOOKMARK [1][-]{section.1.8}{Hot Water Extractable Carbon and Hot water extractable carbohydrates}{chapter.1}% 9
\BOOKMARK [1][-]{section.1.9}{Effect of management history on the long term dynamics of som properties}{chapter.1}% 10
\BOOKMARK [2][-]{subsection.1.9.1}{Fertilizers and om amendments}{section.1.9}% 11
\BOOKMARK [2][-]{subsection.1.9.2}{Effect of arable land management on som properties}{section.1.9}% 12
\BOOKMARK [1][-]{section.1.10}{Effect of management history on short-term dynamics of som properties}{chapter.1}% 13
\BOOKMARK [1][-]{section.1.11}{Short-to-medium term dynamics of organic substrate decomposition as essential components in understanding long term som dynamics}{chapter.1}% 14
\BOOKMARK [1][-]{section.1.12}{Research objectives}{chapter.1}% 15
\BOOKMARK [1][-]{section.1.13}{Research hypothesis}{chapter.1}% 16
\BOOKMARK [0][-]{chapter.2}{Materials and Methods}{}% 17
\BOOKMARK [1][-]{section.2.1}{Soil sampling}{chapter.2}% 18
\BOOKMARK [1][-]{section.2.2}{Preliminary experiment}{chapter.2}% 19
\BOOKMARK [1][-]{section.2.3}{Incubation with labile organic substrate}{chapter.2}% 20
\BOOKMARK [1][-]{section.2.4}{Analytical methods}{chapter.2}% 21
\BOOKMARK [2][-]{subsection.2.4.1}{CO2 respiration}{section.2.4}% 22
\BOOKMARK [2][-]{subsection.2.4.2}{MBC\134N and WEOC}{section.2.4}% 23
\BOOKMARK [2][-]{subsection.2.4.3}{Hot water extractable sugars}{section.2.4}% 24
\BOOKMARK [2][-]{subsection.2.4.4}{Ergosterol}{section.2.4}% 25
\BOOKMARK [2][-]{subsection.2.4.5}{Total organic carbon}{section.2.4}% 26
\BOOKMARK [2][-]{subsection.2.4.6}{Aggregate stability}{section.2.4}% 27
\BOOKMARK [2][-]{subsection.2.4.7}{Mineral nitrogen}{section.2.4}% 28
\BOOKMARK [2][-]{subsection.2.4.8}{pH and EC}{section.2.4}% 29
\BOOKMARK [1][-]{section.2.5}{Calculations and statistics}{chapter.2}% 30
\BOOKMARK [2][-]{subsection.2.5.1}{Statistical analysis}{section.2.5}% 31
\BOOKMARK [2][-]{subsection.2.5.2}{Baseline}{section.2.5}% 32
\BOOKMARK [2][-]{subsection.2.5.3}{Carbon use efficiency}{section.2.5}% 33
\BOOKMARK [2][-]{subsection.2.5.4}{treatment effect}{section.2.5}% 34
\BOOKMARK [2][-]{subsection.2.5.5}{Error propagation}{section.2.5}% 35
\BOOKMARK [0][-]{chapter.3}{Results}{}% 36
\BOOKMARK [1][-]{section.3.1}{Incubation of soils amended with straw and compost}{chapter.3}% 37
\BOOKMARK [2][-]{subsection.3.1.1}{Dynamics of som properties in non-amended soil}{section.3.1}% 38
\BOOKMARK [3][-]{section*.13}{Microbial biomass and respiration}{subsection.3.1.1}% 39
\BOOKMARK [3][-]{figure.caption.16}{WEOC}{subsection.3.1.1}% 40
\BOOKMARK [3][-]{figure.caption.17}{HWE total Carbon and Carbohydrate-C}{subsection.3.1.1}% 41
\BOOKMARK [3][-]{figure.caption.19}{Ergosterol}{subsection.3.1.1}% 42
\BOOKMARK [2][-]{subsection.3.1.2}{Dynamics of som pools in Straw and KW Compost amended soil}{section.3.1}% 43
\BOOKMARK [3][-]{section*.22}{Respiration and MBC}{subsection.3.1.2}% 44
\BOOKMARK [3][-]{figure.caption.26}{WEOC}{subsection.3.1.2}% 45
\BOOKMARK [3][-]{figure.caption.28}{HWEC and HWES-C}{subsection.3.1.2}% 46
\BOOKMARK [3][-]{figure.caption.32}{Ergosterol}{subsection.3.1.2}% 47
\BOOKMARK [1][-]{section.3.2}{Incubation with MRE solution}{chapter.3}% 48
\BOOKMARK [2][-]{subsection.3.2.1}{som properties in non-amended soil samples}{section.3.2}% 49
\BOOKMARK [3][-]{section*.35}{short-term dynamics}{subsection.3.2.1}% 50
\BOOKMARK [3][-]{figure.caption.39}{Effect of management history in non-amended samples}{subsection.3.2.1}% 51
\BOOKMARK [3][-]{table.caption.44}{Baseline}{subsection.3.2.1}% 52
\BOOKMARK [2][-]{subsection.3.2.2}{Dynamics of som pools in MRE amended soils}{section.3.2}% 53
\BOOKMARK [3][-]{section*.47}{Microbial Respiration}{subsection.3.2.2}% 54
\BOOKMARK [3][-]{figure.caption.49}{Microbial Biomass Carbon}{subsection.3.2.2}% 55
\BOOKMARK [3][-]{table.caption.51}{Water Extractable Organic Carbon}{subsection.3.2.2}% 56
\BOOKMARK [3][-]{figure.caption.53}{Hot water extractable sugars}{subsection.3.2.2}% 57
\BOOKMARK [3][-]{figure.caption.55}{Microbial biomass nitrogen and C/N ratio}{subsection.3.2.2}% 58
\BOOKMARK [3][-]{figure.caption.57}{Ergosterol-to-microbial biomass \(ERG-to-MBC\)}{subsection.3.2.2}% 59
\BOOKMARK [3][-]{figure.caption.58}{Carbon Use Efficiency}{subsection.3.2.2}% 60
\BOOKMARK [3][-]{table.caption.60}{Aggregate stability}{subsection.3.2.2}% 61
\BOOKMARK [0][-]{chapter.4}{Discussion}{}% 62
\BOOKMARK [1][-]{section.4.1}{effect of management history on som pools in non-amended soils}{chapter.4}% 63
\BOOKMARK [2][-]{subsection.4.1.1}{Cultivated compared with non-cultivated}{section.4.1}% 64
\BOOKMARK [2][-]{subsection.4.1.2}{Organic vs. chemical long-term fertilization}{section.4.1}% 65
\BOOKMARK [2][-]{subsection.4.1.3}{Microbial features}{section.4.1}% 66
\BOOKMARK [2][-]{subsection.4.1.4}{WEOC}{section.4.1}% 67
\BOOKMARK [2][-]{subsection.4.1.5}{HWEC and HWES}{section.4.1}% 68
\BOOKMARK [2][-]{subsection.4.1.6}{Ergosterol}{section.4.1}% 69
\BOOKMARK [2][-]{subsection.4.1.7}{Aggregate Stability}{section.4.1}% 70
\BOOKMARK [2][-]{subsection.4.1.8}{Short term dynamics of som pools in non amended samples}{section.4.1}% 71
\BOOKMARK [3][-]{section*.63}{Ergosterol}{subsection.4.1.8}% 72
\BOOKMARK [1][-]{section.4.2}{Effect of consecutive MRE additions}{chapter.4}% 73
\BOOKMARK [2][-]{subsection.4.2.1}{Reduced weekly cue following consecutive MRE additions}{section.4.2}% 74
\BOOKMARK [2][-]{subsection.4.2.2}{A conceptual framework for the decomposition and potential stabilization of labile organic substrate}{section.4.2}% 75
\BOOKMARK [1][-]{section.4.3}{Short term dynamics of som pools in amended soils}{chapter.4}% 76
\BOOKMARK [2][-]{subsection.4.3.1}{Variability in WEOC removal}{section.4.3}% 77
\BOOKMARK [0][-]{chapter.5}{Conclusions}{}% 78
